{"C:\\Users\\solda\\Desktop\\учеба\\курсы\\ajs-homeworks\\matchers\\src\\sort.js": {"path":"C:\\Users\\solda\\Desktop\\учеба\\курсы\\ajs-homeworks\\matchers\\src\\sort.js","statementMap":{"0":{"start":{"line":2,"column":4},"end":{"line":2,"column":54}},"1":{"start":{"line":2,"column":33},"end":{"line":2,"column":52}}},"fnMap":{"0":{"name":"sortHeroesByHealth","decl":{"start":{"line":1,"column":24},"end":{"line":1,"column":42}},"loc":{"start":{"line":1,"column":51},"end":{"line":3,"column":1}},"line":1},"1":{"name":"(anonymous_1)","decl":{"start":{"line":2,"column":23},"end":{"line":2,"column":24}},"loc":{"start":{"line":2,"column":33},"end":{"line":2,"column":52}},"line":2}},"branchMap":{},"s":{"0":1,"1":4},"f":{"0":1,"1":4},"b":{},"_coverageSchema":"1a1c01bbd47fc00a2c39e90264f33305004495a9","hash":"9d0ae9c9bda0f38cd65bebcc51346992a144464b"}
}
